<?xml version="1.0" encoding="UTF-8"?>
<!-- Generated by org.testng.reporters.JUnitReportReporter -->
<testsuite hostname="dalam-HP-EliteBook-840-G4" failures="0" tests="1" name="test.Practice" time="7.411" errors="0" timestamp="2025-01-31T23:10:17 IST" skipped="0">
  <testcase classname="test.Practice" name="setup" time="7.411"/>
  <system-out/>
</testsuite> <!-- test.Practice -->
